File /Users/eleonoramatviiv/study/XBlock_for_Open_edX/xblock_development/venv/lib/python3.8/site-packages/django/views/decorators/debug.py first seen with mtime 1670883515.2409189
File /Users/eleonoramatviiv/.pyenv/versions/3.8.8/lib/python3.8/posixpath.py first seen with mtime 1670880779.916723
File /Users/eleonoramatviiv/study/XBlock_for_Open_edX/xblock_development/venv/lib/python3.8/site-packages/urllib3/request.py first seen with mtime 1670883508.5168507
File /Users/eleonoramatviiv/study/XBlock_for_Open_edX/xblock_development/venv/lib/python3.8/site-packages/sqlparse/filters/right_margin.py first seen with mtime 1670883508.719916
File /Users/eleonoramatviiv/study/XBlock_for_Open_edX/xblock_development/venv/lib/python3.8/site-packages/botocore/waiter.py first seen with mtime 1670883518.388955
File /Users/eleonoramatviiv/.pyenv/versions/3.8.8/lib/python3.8/html/__init__.py first seen with mtime 1670880787.0593648
File /Users/eleonoramatviiv/study/XBlock_for_Open_edX/xblock_development/venv/lib/python3.8/site-packages/fs/copy.py first seen with mtime 1670883511.192839
File /Users/eleonoramatviiv/.pyenv/versions/3.8.8/lib/python3.8/asyncio/selector_events.py first seen with mtime 1670880785.6843672
File /Users/eleonoramatviiv/study/XBlock_for_Open_edX/xblock_development/venv/lib/python3.8/site-packages/django/template/defaultfilters.py first seen with mtime 1670883515.153386
File /Users/eleonoramatviiv/study/XBlock_for_Open_edX/xblock_development/venv/lib/python3.8/site-packages/jmespath/compat.py first seen with mtime 1670883509.6093707
File /Users/eleonoramatviiv/.pyenv/versions/3.8.8/lib/python3.8/xml/sax/__init__.py first seen with mtime 1670880789.8152647
File /Users/eleonoramatviiv/study/XBlock_for_Open_edX/xblock_development/venv/lib/python3.8/site-packages/django/middleware/cache.py first seen with mtime 1670883515.1424358
File /Users/eleonoramatviiv/study/XBlock_for_Open_edX/xblock_development/venv/lib/python3.8/site-packages/botocore/signers.py first seen with mtime 1670883518.3828335
File /Users/eleonoramatviiv/.pyenv/versions/3.8.8/lib/python3.8/linecache.py first seen with mtime 1670880779.8112853
File /Users/eleonoramatviiv/.pyenv/versions/3.8.8/lib/python3.8/unittest/main.py first seen with mtime 1670880790.2277155
File /Users/eleonoramatviiv/study/XBlock_for_Open_edX/xblock_development/venv/lib/python3.8/site-packages/django/utils/cache.py first seen with mtime 1670883515.195419
File /Users/eleonoramatviiv/.pyenv/versions/3.8.8/lib/python3.8/logging/__init__.py first seen with mtime 1670880787.3508346
File /Users/eleonoramatviiv/study/XBlock_for_Open_edX/xblock_development/venv/lib/python3.8/site-packages/fs/iotools.py first seen with mtime 1670883511.2002897
File /Users/eleonoramatviiv/.pyenv/versions/3.8.8/lib/python3.8/_sysconfigdata__darwin_darwin.py first seen with mtime 1670880790.5450122
File /Users/eleonoramatviiv/study/XBlock_for_Open_edX/xblock_development/venv/lib/python3.8/site-packages/django/core/management/color.py first seen with mtime 1670883514.918288
File /Users/eleonoramatviiv/.pyenv/versions/3.8.8/lib/python3.8/wsgiref/util.py first seen with mtime 1670880787.3894074
File /Users/eleonoramatviiv/study/XBlock_for_Open_edX/xblock_development/venv/lib/python3.8/site-packages/django/contrib/sessions/middleware.py first seen with mtime 1670883514.424851
File /Users/eleonoramatviiv/study/XBlock_for_Open_edX/xblock_development/venv/lib/python3.8/site-packages/django/db/models/functions/__init__.py first seen with mtime 1670883515.0544827
File /Users/eleonoramatviiv/.pyenv/versions/3.8.8/lib/python3.8/re.py first seen with mtime 1670880779.963385
File /Users/eleonoramatviiv/study/XBlock_for_Open_edX/xblock_development/venv/lib/python3.8/site-packages/fs/opener/tempfs.py first seen with mtime 1670883511.2287686
File /Users/eleonoramatviiv/.pyenv/versions/3.8.8/lib/python3.8/mimetypes.py first seen with mtime 1670880779.830622
File /Users/eleonoramatviiv/study/XBlock_for_Open_edX/xblock_development/venv/lib/python3.8/site-packages/django/utils/translation/reloader.py first seen with mtime 1670883515.228072
File /Users/eleonoramatviiv/study/XBlock_for_Open_edX/xblock_development/venv/lib/python3.8/site-packages/django/utils/functional.py first seen with mtime 1670883515.2089198
File /Users/eleonoramatviiv/study/XBlock_for_Open_edX/xblock_development/venv/lib/python3.8/site-packages/botocore/retries/bucket.py first seen with mtime 1670883520.2472208
File /Users/eleonoramatviiv/.pyenv/versions/3.8.8/lib/python3.8/importlib/abc.py first seen with mtime 1670880784.9686732
File /Users/eleonoramatviiv/study/XBlock_for_Open_edX/xblock_development/venv/lib/python3.8/site-packages/boto3/session.py first seen with mtime 1670883520.7419271
File /Users/eleonoramatviiv/.pyenv/versions/3.8.8/lib/python3.8/sre_compile.py first seen with mtime 1670880780.0347571
File /Users/eleonoramatviiv/study/XBlock_for_Open_edX/xblock_development/venv/lib/python3.8/site-packages/django/db/migrations/state.py first seen with mtime 1670883515.0154269
File /Users/eleonoramatviiv/study/XBlock_for_Open_edX/xblock_development/venv/lib/python3.8/site-packages/yaml/_yaml.cpython-38-darwin.so first seen with mtime 1670883509.036081
File /Users/eleonoramatviiv/study/XBlock_for_Open_edX/xblock_development/venv/lib/python3.8/site-packages/django/utils/http.py first seen with mtime 1670883515.2117295
File /Users/eleonoramatviiv/.pyenv/versions/3.8.8/lib/python3.8/importlib/machinery.py first seen with mtime 1670880784.9717243
File /Users/eleonoramatviiv/.pyenv/versions/3.8.8/lib/python3.8/keyword.py first seen with mtime 1670880779.8080225
File /Users/eleonoramatviiv/study/XBlock_for_Open_edX/xblock_development/xblock-sdk/workbench/urls.py first seen with mtime 1670883476.1414971
File /Users/eleonoramatviiv/.pyenv/versions/3.8.8/lib/python3.8/quopri.py first seen with mtime 1670880779.9552758
File /Users/eleonoramatviiv/study/XBlock_for_Open_edX/xblock_development/venv/lib/python3.8/site-packages/boto/plugin.py first seen with mtime 1670883506.5650356
File /Users/eleonoramatviiv/study/XBlock_for_Open_edX/xblock_development/venv/lib/python3.8/site-packages/django/core/handlers/base.py first seen with mtime 1670883514.9057875
File /Users/eleonoramatviiv/study/XBlock_for_Open_edX/xblock_development/venv/lib/python3.8/site-packages/dateutil/tz/__init__.py first seen with mtime 1670883510.8129888
File /Users/eleonoramatviiv/.pyenv/versions/3.8.8/lib/python3.8/lib-dynload/_socket.cpython-38-darwin.so first seen with mtime 1670880748.0
File /Users/eleonoramatviiv/study/XBlock_for_Open_edX/xblock_development/xblock-sdk/workbench/runtime_util.py first seen with mtime 1670883476.1245756
File /Users/eleonoramatviiv/study/XBlock_for_Open_edX/xblock_development/venv/lib/python3.8/site-packages/django/contrib/admin/models.py first seen with mtime 1670883511.9908545
File /Users/eleonoramatviiv/study/XBlock_for_Open_edX/xblock_development/venv/lib/python3.8/site-packages/django/db/models/__init__.py first seen with mtime 1670883515.029872
File /Users/eleonoramatviiv/study/XBlock_for_Open_edX/xblock_development/venv/lib/python3.8/site-packages/django/views/generic/list.py first seen with mtime 1670883515.2485373
File /Users/eleonoramatviiv/study/XBlock_for_Open_edX/xblock_development/xblock-sdk/sample_xblocks/basic/templates/sequence.html first seen with mtime 1670883476.0899994
File /Users/eleonoramatviiv/study/XBlock_for_Open_edX/xblock_development/xblock-sdk/sample_xblocks/basic/templates/problem.html first seen with mtime 1670883476.0896125
File /Users/eleonoramatviiv/study/XBlock_for_Open_edX/xblock_development/xblock-sdk/sample_xblocks/basic/templates/vertical.html first seen with mtime 1670883476.090345
File /Users/eleonoramatviiv/study/XBlock_for_Open_edX/xblock_development/xblock-sdk/workbench/templates/500.html first seen with mtime 1670883476.1357114
File /Users/eleonoramatviiv/study/XBlock_for_Open_edX/xblock_development/xblock-sdk/workbench/templates/404.html first seen with mtime 1670883476.1355233
File /Users/eleonoramatviiv/study/XBlock_for_Open_edX/xblock_development/xblock-sdk/workbench/templates/workbench first seen with mtime 1670883476.1371827
File /Users/eleonoramatviiv/study/XBlock_for_Open_edX/xblock_development/xblock-sdk/workbench/templates/workbench/index.html first seen with mtime 1670883476.1369934
File /Users/eleonoramatviiv/study/XBlock_for_Open_edX/xblock_development/xblock-sdk/workbench/templates/workbench/blockview.html first seen with mtime 1670883476.1366282
File /Users/eleonoramatviiv/study/XBlock_for_Open_edX/xblock_development/xblock-sdk/workbench/templates/workbench/settings.html first seen with mtime 1670883476.1373026
File /Users/eleonoramatviiv/study/XBlock_for_Open_edX/xblock_development/xblock-sdk/workbench/templates/workbench/block.html first seen with mtime 1670883476.136276
(0.000) BEGIN; args=None
(0.001) DELETE FROM "workbench_xblockstate" WHERE "workbench_xblockstate"."scope" = 'children'; args=('children',)
(0.005) SELECT "workbench_xblockstate"."id", "workbench_xblockstate"."scope", "workbench_xblockstate"."scope_id", "workbench_xblockstate"."user_id", "workbench_xblockstate"."scenario", "workbench_xblockstate"."tag", "workbench_xblockstate"."created", "workbench_xblockstate"."state" FROM "workbench_xblockstate" WHERE ("workbench_xblockstate"."scenario" = 'collapsiblexblock' AND "workbench_xblockstate"."scope" = 'parent' AND "workbench_xblockstate"."scope_id" = 'collapsiblexblock.collapsibleblock.d0.u0' AND "workbench_xblockstate"."tag" = 'collapsibleblock' AND "workbench_xblockstate"."user_id" IS NULL) LIMIT 21; args=('collapsiblexblock', 'parent', 'collapsiblexblock.collapsibleblock.d0.u0', 'collapsibleblock')
(0.000) BEGIN; args=None
(0.004) INSERT INTO "workbench_xblockstate" ("scope", "scope_id", "user_id", "scenario", "tag", "created", "state") VALUES ('parent', 'collapsiblexblock.collapsibleblock.d0.u0', NULL, 'collapsiblexblock', 'collapsibleblock', '2022-12-12 22:22:51.640635', '{}'); args=['parent', 'collapsiblexblock.collapsibleblock.d0.u0', None, 'collapsiblexblock', 'collapsibleblock', '2022-12-12 22:22:51.640635', '{}']
(0.004) UPDATE "workbench_xblockstate" SET "scope" = 'parent', "scope_id" = 'collapsiblexblock.collapsibleblock.d0.u0', "user_id" = NULL, "scenario" = 'collapsiblexblock', "tag" = 'collapsibleblock', "created" = '2022-12-12 22:22:51.640635', "state" = '{
  "parent": null
}' WHERE "workbench_xblockstate"."id" = 1; args=('parent', 'collapsiblexblock.collapsibleblock.d0.u0', 'collapsiblexblock', 'collapsibleblock', '2022-12-12 22:22:51.640635', '{\n  "parent": null\n}', 1)
File /Users/eleonoramatviiv/study/XBlock_for_Open_edX/xblock_development/venv/lib/python3.8/site-packages/django/contrib/sessions/migrations/__init__.py first seen with mtime 1670883514.6374712
File /Users/eleonoramatviiv/study/XBlock_for_Open_edX/xblock_development/venv/lib/python3.8/site-packages/django/contrib/auth/migrations/0011_update_proxy_permissions.py first seen with mtime 1670883513.0297983
File /Users/eleonoramatviiv/study/XBlock_for_Open_edX/xblock_development/xblock-sdk/workbench/migrations/0001_initial.py first seen with mtime 1670883476.122847
File /Users/eleonoramatviiv/study/XBlock_for_Open_edX/xblock_development/venv/lib/python3.8/site-packages/django/contrib/auth/migrations/0002_alter_permission_name_max_length.py first seen with mtime 1670883513.015409
File /Users/eleonoramatviiv/study/XBlock_for_Open_edX/xblock_development/venv/lib/python3.8/site-packages/django/contrib/auth/migrations/0009_alter_user_last_name_max_length.py first seen with mtime 1670883513.0266893
File /Users/eleonoramatviiv/study/XBlock_for_Open_edX/xblock_development/venv/lib/python3.8/site-packages/django/contrib/auth/migrations/0012_alter_user_first_name_max_length.py first seen with mtime 1670883513.0308022
File /Users/eleonoramatviiv/.pyenv/versions/3.8.8/lib/python3.8/stringprep.py first seen with mtime 1670880780.0604436
File /Users/eleonoramatviiv/study/XBlock_for_Open_edX/xblock_development/venv/lib/python3.8/site-packages/django/contrib/admin/migrations/0001_initial.py first seen with mtime 1670883512.3985412
File /Users/eleonoramatviiv/study/XBlock_for_Open_edX/xblock_development/venv/lib/python3.8/site-packages/django/contrib/auth/migrations/0005_alter_user_last_login_null.py first seen with mtime 1670883513.0198483
File /Users/eleonoramatviiv/study/XBlock_for_Open_edX/xblock_development/xblock-sdk/workbench/migrations/__init__.py first seen with mtime 1670883476.123012
File /Users/eleonoramatviiv/study/XBlock_for_Open_edX/xblock_development/venv/lib/python3.8/site-packages/django/contrib/auth/migrations/0008_alter_user_username_max_length.py first seen with mtime 1670883513.0258412
File /Users/eleonoramatviiv/study/XBlock_for_Open_edX/xblock_development/venv/lib/python3.8/site-packages/django/contrib/admin/migrations/0003_logentry_add_action_flag_choices.py first seen with mtime 1670883512.4001136
File /Users/eleonoramatviiv/.pyenv/versions/3.8.8/lib/python3.8/encodings/idna.py first seen with mtime 1670880786.212045
File /Users/eleonoramatviiv/study/XBlock_for_Open_edX/xblock_development/venv/lib/python3.8/site-packages/django/contrib/admin/migrations/__init__.py first seen with mtime 1670883512.4009516
File /Users/eleonoramatviiv/study/XBlock_for_Open_edX/xblock_development/venv/lib/python3.8/site-packages/django/contrib/auth/migrations/0010_alter_group_name_max_length.py first seen with mtime 1670883513.0273643
File /Users/eleonoramatviiv/study/XBlock_for_Open_edX/xblock_development/venv/lib/python3.8/site-packages/django/contrib/auth/migrations/0006_require_contenttypes_0002.py first seen with mtime 1670883513.0221808
File /Users/eleonoramatviiv/study/XBlock_for_Open_edX/xblock_development/venv/lib/python3.8/site-packages/django/contrib/auth/migrations/0007_alter_validators_add_error_messages.py first seen with mtime 1670883513.0247672
File /Users/eleonoramatviiv/study/XBlock_for_Open_edX/xblock_development/xblock-sdk/workbench/wsgi.py first seen with mtime 1670883476.1438262
File /Users/eleonoramatviiv/study/XBlock_for_Open_edX/xblock_development/venv/lib/python3.8/site-packages/django/contrib/contenttypes/migrations/0001_initial.py first seen with mtime 1670883513.2368417
File /Users/eleonoramatviiv/study/XBlock_for_Open_edX/xblock_development/venv/lib/python3.8/site-packages/django/contrib/sessions/backends/db.py first seen with mtime 1670883514.4306664
File /Users/eleonoramatviiv/study/XBlock_for_Open_edX/xblock_development/venv/lib/python3.8/site-packages/django/contrib/contenttypes/migrations/__init__.py first seen with mtime 1670883513.2383387
File /Users/eleonoramatviiv/study/XBlock_for_Open_edX/xblock_development/venv/lib/python3.8/site-packages/django/contrib/admin/migrations/0002_logentry_remove_auto_add.py first seen with mtime 1670883512.3992872
File /Users/eleonoramatviiv/study/XBlock_for_Open_edX/xblock_development/venv/lib/python3.8/site-packages/django/db/models/sql/compiler.py first seen with mtime 1670883515.0616195
File /Users/eleonoramatviiv/study/XBlock_for_Open_edX/xblock_development/venv/lib/python3.8/site-packages/django/contrib/sessions/migrations/0001_initial.py first seen with mtime 1670883514.6368387
File /Users/eleonoramatviiv/study/XBlock_for_Open_edX/xblock_development/venv/lib/python3.8/site-packages/django/contrib/contenttypes/migrations/0002_remove_content_type_name.py first seen with mtime 1670883513.2377079
File /Users/eleonoramatviiv/study/XBlock_for_Open_edX/xblock_development/venv/lib/python3.8/site-packages/django/contrib/auth/migrations/0003_alter_user_email_max_length.py first seen with mtime 1670883513.0164678
File /Users/eleonoramatviiv/study/XBlock_for_Open_edX/xblock_development/venv/lib/python3.8/site-packages/django/contrib/auth/migrations/0004_alter_user_username_opts.py first seen with mtime 1670883513.017518
Internal Server Error: /
Traceback (most recent call last):
  File "/Users/eleonoramatviiv/study/XBlock_for_Open_edX/xblock_development/venv/lib/python3.8/site-packages/django/core/handlers/exception.py", line 47, in inner
    response = get_response(request)
  File "/Users/eleonoramatviiv/study/XBlock_for_Open_edX/xblock_development/venv/lib/python3.8/site-packages/django/core/handlers/base.py", line 181, in _get_response
    response = wrapped_callback(request, *callback_args, **callback_kwargs)
  File "/Users/eleonoramatviiv/study/XBlock_for_Open_edX/xblock_development/xblock-sdk/workbench/views.py", line 42, in index
    the_scenarios = sorted(get_scenarios().items())
  File "/Users/eleonoramatviiv/study/XBlock_for_Open_edX/xblock_development/xblock-sdk/workbench/scenarios.py", line 88, in get_scenarios
    init_scenarios()
  File "/Users/eleonoramatviiv/study/XBlock_for_Open_edX/xblock_development/xblock-sdk/workbench/scenarios.py", line 80, in init_scenarios
    add_class_scenarios(class_name, cls, fail_silently=False)
  File "/Users/eleonoramatviiv/study/XBlock_for_Open_edX/xblock_development/xblock-sdk/workbench/scenarios.py", line 58, in add_class_scenarios
    add_xml_scenario(scname, desc, xml)
  File "/Users/eleonoramatviiv/study/XBlock_for_Open_edX/xblock_development/xblock-sdk/workbench/scenarios.py", line 38, in add_xml_scenario
    usage_id = runtime.parse_xml_string(xml, runtime.id_generator)
  File "/Users/eleonoramatviiv/study/XBlock_for_Open_edX/xblock_development/venv/lib/python3.8/site-packages/xblock/runtime.py", line 722, in parse_xml_string
    return self.parse_xml_file(io_type(xml), id_generator)
  File "/Users/eleonoramatviiv/study/XBlock_for_Open_edX/xblock_development/venv/lib/python3.8/site-packages/xblock/runtime.py", line 727, in parse_xml_file
    usage_id = self._usage_id_from_node(root, None, id_generator)
  File "/Users/eleonoramatviiv/study/XBlock_for_Open_edX/xblock_development/venv/lib/python3.8/site-packages/xblock/runtime.py", line 756, in _usage_id_from_node
    block_class = self.mixologist.mix(self.load_block_type(block_type))
  File "/Users/eleonoramatviiv/study/XBlock_for_Open_edX/xblock_development/venv/lib/python3.8/site-packages/xblock/runtime.py", line 621, in load_block_type
    return XBlock.load_class(block_type, self.default_class, self.select)
  File "/Users/eleonoramatviiv/study/XBlock_for_Open_edX/xblock_development/venv/lib/python3.8/site-packages/xblock/plugin.py", line 109, in load_class
    selected_entry_point = select(identifier, all_entry_points)
  File "/Users/eleonoramatviiv/study/XBlock_for_Open_edX/xblock_development/venv/lib/python3.8/site-packages/xblock/plugin.py", line 37, in default_select
    raise PluginMissingError(identifier)
xblock.plugin.PluginMissingError: vertical_demo
Internal Server Error: /
Traceback (most recent call last):
  File "/Users/eleonoramatviiv/study/XBlock_for_Open_edX/xblock_development/venv/lib/python3.8/site-packages/django/core/handlers/exception.py", line 47, in inner
    response = get_response(request)
  File "/Users/eleonoramatviiv/study/XBlock_for_Open_edX/xblock_development/venv/lib/python3.8/site-packages/django/core/handlers/base.py", line 181, in _get_response
    response = wrapped_callback(request, *callback_args, **callback_kwargs)
  File "/Users/eleonoramatviiv/study/XBlock_for_Open_edX/xblock_development/xblock-sdk/workbench/views.py", line 42, in index
    the_scenarios = sorted(get_scenarios().items())
  File "/Users/eleonoramatviiv/study/XBlock_for_Open_edX/xblock_development/xblock-sdk/workbench/scenarios.py", line 88, in get_scenarios
    init_scenarios()
  File "/Users/eleonoramatviiv/study/XBlock_for_Open_edX/xblock_development/xblock-sdk/workbench/scenarios.py", line 80, in init_scenarios
    add_class_scenarios(class_name, cls, fail_silently=False)
  File "/Users/eleonoramatviiv/study/XBlock_for_Open_edX/xblock_development/xblock-sdk/workbench/scenarios.py", line 58, in add_class_scenarios
    add_xml_scenario(scname, desc, xml)
  File "/Users/eleonoramatviiv/study/XBlock_for_Open_edX/xblock_development/xblock-sdk/workbench/scenarios.py", line 38, in add_xml_scenario
    usage_id = runtime.parse_xml_string(xml, runtime.id_generator)
  File "/Users/eleonoramatviiv/study/XBlock_for_Open_edX/xblock_development/venv/lib/python3.8/site-packages/xblock/runtime.py", line 722, in parse_xml_string
    return self.parse_xml_file(io_type(xml), id_generator)
  File "/Users/eleonoramatviiv/study/XBlock_for_Open_edX/xblock_development/venv/lib/python3.8/site-packages/xblock/runtime.py", line 727, in parse_xml_file
    usage_id = self._usage_id_from_node(root, None, id_generator)
  File "/Users/eleonoramatviiv/study/XBlock_for_Open_edX/xblock_development/venv/lib/python3.8/site-packages/xblock/runtime.py", line 756, in _usage_id_from_node
    block_class = self.mixologist.mix(self.load_block_type(block_type))
  File "/Users/eleonoramatviiv/study/XBlock_for_Open_edX/xblock_development/venv/lib/python3.8/site-packages/xblock/runtime.py", line 621, in load_block_type
    return XBlock.load_class(block_type, self.default_class, self.select)
  File "/Users/eleonoramatviiv/study/XBlock_for_Open_edX/xblock_development/venv/lib/python3.8/site-packages/xblock/plugin.py", line 109, in load_class
    selected_entry_point = select(identifier, all_entry_points)
  File "/Users/eleonoramatviiv/study/XBlock_for_Open_edX/xblock_development/venv/lib/python3.8/site-packages/xblock/plugin.py", line 37, in default_select
    raise PluginMissingError(identifier)
xblock.plugin.PluginMissingError: vertical_demo
"GET / HTTP/1.1" 500 103297
File /Users/eleonoramatviiv/study/XBlock_for_Open_edX/xblock_development/collapsibleblock/collapsibleblock/collapsibleblock.py first seen with mtime 1670883577.2337623
File /Users/eleonoramatviiv/study/XBlock_for_Open_edX/xblock_development/venv/lib/python3.8/site-packages/django/contrib/messages/storage/base.py first seen with mtime 1670883514.0584059
File /Users/eleonoramatviiv/study/XBlock_for_Open_edX/xblock_development/venv/lib/python3.8/site-packages/django/conf/locale/en/formats.py first seen with mtime 1670883511.6867652
File /Users/eleonoramatviiv/study/XBlock_for_Open_edX/xblock_development/collapsibleblock/collapsibleblock/__init__.py first seen with mtime 1670883577.2256598
File /Users/eleonoramatviiv/study/XBlock_for_Open_edX/xblock_development/venv/lib/python3.8/site-packages/django/contrib/messages/storage/fallback.py first seen with mtime 1670883514.0610826
File /Users/eleonoramatviiv/study/XBlock_for_Open_edX/xblock_development/venv/lib/python3.8/site-packages/django/contrib/messages/utils.py first seen with mtime 1670883514.0552104
File /Users/eleonoramatviiv/study/XBlock_for_Open_edX/xblock_development/venv/lib/python3.8/site-packages/django/contrib/messages/storage/session.py first seen with mtime 1670883514.061973
File /Users/eleonoramatviiv/study/XBlock_for_Open_edX/xblock_development/venv/lib/python3.8/site-packages/django/contrib/sessions/serializers.py first seen with mtime 1670883514.426282
File /Users/eleonoramatviiv/study/XBlock_for_Open_edX/xblock_development/venv/lib/python3.8/site-packages/django/contrib/messages/storage/cookie.py first seen with mtime 1670883514.0603163
File /Users/eleonoramatviiv/study/XBlock_for_Open_edX/xblock_development/xblock-sdk/workbench/services.py first seen with mtime 1670883476.1260633
File /Users/eleonoramatviiv/study/XBlock_for_Open_edX/xblock_development/venv/lib/python3.8/site-packages/django/conf/locale/en/__init__.py first seen with mtime 1670883511.6858463
Exception while resolving variable 'name' in template 'unknown'.
Traceback (most recent call last):
  File "/Users/eleonoramatviiv/study/XBlock_for_Open_edX/xblock_development/venv/lib/python3.8/site-packages/django/core/handlers/exception.py", line 47, in inner
    response = get_response(request)
  File "/Users/eleonoramatviiv/study/XBlock_for_Open_edX/xblock_development/venv/lib/python3.8/site-packages/django/core/handlers/base.py", line 181, in _get_response
    response = wrapped_callback(request, *callback_args, **callback_kwargs)
  File "/Users/eleonoramatviiv/study/XBlock_for_Open_edX/xblock_development/venv/lib/python3.8/site-packages/django/views/static.py", line 42, in serve
    raise Http404(_('“%(path)s” does not exist') % {'path': fullpath})
django.http.response.Http404: “/Users/eleonoramatviiv/study/XBlock_for_Open_edX/xblock_development/favicon.ico” does not exist

During handling of the above exception, another exception occurred:

Traceback (most recent call last):
  File "/Users/eleonoramatviiv/study/XBlock_for_Open_edX/xblock_development/venv/lib/python3.8/site-packages/django/template/base.py", line 829, in _resolve_lookup
    current = current[bit]
TypeError: 'URLResolver' object is not subscriptable

During handling of the above exception, another exception occurred:

Traceback (most recent call last):
  File "/Users/eleonoramatviiv/study/XBlock_for_Open_edX/xblock_development/venv/lib/python3.8/site-packages/django/template/base.py", line 837, in _resolve_lookup
    current = getattr(current, bit)
AttributeError: 'URLResolver' object has no attribute 'name'

During handling of the above exception, another exception occurred:

Traceback (most recent call last):
  File "/Users/eleonoramatviiv/study/XBlock_for_Open_edX/xblock_development/venv/lib/python3.8/site-packages/django/template/base.py", line 843, in _resolve_lookup
    current = current[int(bit)]
ValueError: invalid literal for int() with base 10: 'name'

During handling of the above exception, another exception occurred:

Traceback (most recent call last):
  File "/Users/eleonoramatviiv/study/XBlock_for_Open_edX/xblock_development/venv/lib/python3.8/site-packages/django/template/base.py", line 848, in _resolve_lookup
    raise VariableDoesNotExist("Failed lookup for key "
django.template.base.VariableDoesNotExist: Failed lookup for key [name] in <URLResolver <URLPattern list> (admin:admin) '^admin/'>
Not Found: /favicon.ico
Not Found: /favicon.ico
"GET /favicon.ico HTTP/1.1" 404 4465
"GET / HTTP/1.1" 200 820
"GET /static/workbench/css/workbench.css HTTP/1.1" 200 880
"GET /static/workbench/images/header-logo.png HTTP/1.1" 200 1546
Exception while resolving variable 'name' in template 'unknown'.
Traceback (most recent call last):
  File "/Users/eleonoramatviiv/study/XBlock_for_Open_edX/xblock_development/venv/lib/python3.8/site-packages/django/core/handlers/exception.py", line 47, in inner
    response = get_response(request)
  File "/Users/eleonoramatviiv/study/XBlock_for_Open_edX/xblock_development/venv/lib/python3.8/site-packages/django/core/handlers/base.py", line 181, in _get_response
    response = wrapped_callback(request, *callback_args, **callback_kwargs)
  File "/Users/eleonoramatviiv/study/XBlock_for_Open_edX/xblock_development/venv/lib/python3.8/site-packages/django/views/static.py", line 42, in serve
    raise Http404(_('“%(path)s” does not exist') % {'path': fullpath})
django.http.response.Http404: “/Users/eleonoramatviiv/study/XBlock_for_Open_edX/xblock_development/favicon.ico” does not exist

During handling of the above exception, another exception occurred:

Traceback (most recent call last):
  File "/Users/eleonoramatviiv/study/XBlock_for_Open_edX/xblock_development/venv/lib/python3.8/site-packages/django/template/base.py", line 829, in _resolve_lookup
    current = current[bit]
TypeError: 'URLResolver' object is not subscriptable

During handling of the above exception, another exception occurred:

Traceback (most recent call last):
  File "/Users/eleonoramatviiv/study/XBlock_for_Open_edX/xblock_development/venv/lib/python3.8/site-packages/django/template/base.py", line 837, in _resolve_lookup
    current = getattr(current, bit)
AttributeError: 'URLResolver' object has no attribute 'name'

During handling of the above exception, another exception occurred:

Traceback (most recent call last):
  File "/Users/eleonoramatviiv/study/XBlock_for_Open_edX/xblock_development/venv/lib/python3.8/site-packages/django/template/base.py", line 843, in _resolve_lookup
    current = current[int(bit)]
ValueError: invalid literal for int() with base 10: 'name'

During handling of the above exception, another exception occurred:

Traceback (most recent call last):
  File "/Users/eleonoramatviiv/study/XBlock_for_Open_edX/xblock_development/venv/lib/python3.8/site-packages/django/template/base.py", line 848, in _resolve_lookup
    raise VariableDoesNotExist("Failed lookup for key "
django.template.base.VariableDoesNotExist: Failed lookup for key [name] in <URLResolver <URLPattern list> (admin:admin) '^admin/'>
Not Found: /favicon.ico
Not Found: /favicon.ico
"GET /favicon.ico HTTP/1.1" 404 4465
File /Users/eleonoramatviiv/study/XBlock_for_Open_edX/xblock_development/venv/lib/python3.8/site-packages/django/contrib/staticfiles/storage.py first seen with mtime 1670883514.858619
File /Users/eleonoramatviiv/study/XBlock_for_Open_edX/xblock_development/venv/lib/python3.8/site-packages/django/contrib/messages/context_processors.py first seen with mtime 1670883514.0538478
File /Users/eleonoramatviiv/study/XBlock_for_Open_edX/xblock_development/venv/lib/python3.8/site-packages/django/template/context_processors.py first seen with mtime 1670883515.1525507
File /Users/eleonoramatviiv/study/XBlock_for_Open_edX/xblock_development/venv/lib/python3.8/site-packages/django/contrib/auth/context_processors.py first seen with mtime 1670883512.7959569
(0.000) SELECT "workbench_xblockstate"."id", "workbench_xblockstate"."scope", "workbench_xblockstate"."scope_id", "workbench_xblockstate"."user_id", "workbench_xblockstate"."scenario", "workbench_xblockstate"."tag", "workbench_xblockstate"."created", "workbench_xblockstate"."state" FROM "workbench_xblockstate" WHERE ("workbench_xblockstate"."scenario" = 'collapsiblexblock' AND "workbench_xblockstate"."scope" = 'usage' AND "workbench_xblockstate"."scope_id" = 'collapsiblexblock.collapsibleblock.d0.u0' AND "workbench_xblockstate"."tag" = 'collapsibleblock' AND "workbench_xblockstate"."user_id" = 'student_1') LIMIT 21; args=('collapsiblexblock', 'usage', 'collapsiblexblock.collapsibleblock.d0.u0', 'collapsibleblock', 'student_1')
(0.000) BEGIN; args=None
(0.001) INSERT INTO "workbench_xblockstate" ("scope", "scope_id", "user_id", "scenario", "tag", "created", "state") VALUES ('usage', 'collapsiblexblock.collapsibleblock.d0.u0', 'student_1', 'collapsiblexblock', 'collapsibleblock', '2022-12-12 22:24:17.701769', '{}'); args=['usage', 'collapsiblexblock.collapsibleblock.d0.u0', 'student_1', 'collapsiblexblock', 'collapsibleblock', '2022-12-12 22:24:17.701769', '{}']
(0.000) SELECT "workbench_xblockstate"."id", "workbench_xblockstate"."scope", "workbench_xblockstate"."scope_id", "workbench_xblockstate"."user_id", "workbench_xblockstate"."scenario", "workbench_xblockstate"."tag", "workbench_xblockstate"."created", "workbench_xblockstate"."state" FROM "workbench_xblockstate" WHERE ("workbench_xblockstate"."scenario" = 'collapsiblexblock' AND "workbench_xblockstate"."scope" = 'usage' AND "workbench_xblockstate"."scope_id" = 'collapsiblexblock.collapsibleblock.d0.u0' AND "workbench_xblockstate"."tag" = 'collapsibleblock' AND "workbench_xblockstate"."user_id" IS NULL) LIMIT 21; args=('collapsiblexblock', 'usage', 'collapsiblexblock.collapsibleblock.d0.u0', 'collapsibleblock')
(0.000) BEGIN; args=None
(0.001) INSERT INTO "workbench_xblockstate" ("scope", "scope_id", "user_id", "scenario", "tag", "created", "state") VALUES ('usage', 'collapsiblexblock.collapsibleblock.d0.u0', NULL, 'collapsiblexblock', 'collapsibleblock', '2022-12-12 22:24:17.708855', '{}'); args=['usage', 'collapsiblexblock.collapsibleblock.d0.u0', None, 'collapsiblexblock', 'collapsibleblock', '2022-12-12 22:24:17.708855', '{}']
(0.000) SELECT "workbench_xblockstate"."id", "workbench_xblockstate"."scope", "workbench_xblockstate"."scope_id", "workbench_xblockstate"."user_id", "workbench_xblockstate"."scenario", "workbench_xblockstate"."tag", "workbench_xblockstate"."created", "workbench_xblockstate"."state" FROM "workbench_xblockstate" WHERE ("workbench_xblockstate"."scenario" = 'collapsiblexblock' AND "workbench_xblockstate"."scope" = 'parent' AND "workbench_xblockstate"."scope_id" = 'collapsiblexblock.collapsibleblock.d0.u0' AND "workbench_xblockstate"."tag" = 'collapsibleblock' AND "workbench_xblockstate"."user_id" IS NULL) LIMIT 21; args=('collapsiblexblock', 'parent', 'collapsiblexblock.collapsibleblock.d0.u0', 'collapsibleblock')
(0.000) SELECT "workbench_xblockstate"."id", "workbench_xblockstate"."scope", "workbench_xblockstate"."scope_id", "workbench_xblockstate"."user_id", "workbench_xblockstate"."scenario", "workbench_xblockstate"."tag", "workbench_xblockstate"."created", "workbench_xblockstate"."state" FROM "workbench_xblockstate" WHERE ("workbench_xblockstate"."scenario" = 'collapsiblexblock' AND "workbench_xblockstate"."scope" = 'parent' AND "workbench_xblockstate"."scope_id" = 'collapsiblexblock.collapsibleblock.d0.u0' AND "workbench_xblockstate"."tag" = 'collapsibleblock' AND "workbench_xblockstate"."user_id" IS NULL) LIMIT 21; args=('collapsiblexblock', 'parent', 'collapsiblexblock.collapsibleblock.d0.u0', 'collapsibleblock')
(0.000) SELECT "workbench_xblockstate"."id", "workbench_xblockstate"."scope", "workbench_xblockstate"."scope_id", "workbench_xblockstate"."user_id", "workbench_xblockstate"."scenario", "workbench_xblockstate"."tag", "workbench_xblockstate"."created", "workbench_xblockstate"."state" FROM "workbench_xblockstate" WHERE ("workbench_xblockstate"."scenario" = 'collapsiblexblock' AND "workbench_xblockstate"."scope" = 'usage' AND "workbench_xblockstate"."scope_id" = 'collapsiblexblock.collapsibleblock.d0.u0' AND "workbench_xblockstate"."tag" = 'collapsibleblock' AND "workbench_xblockstate"."user_id" IS NULL) LIMIT 21; args=('collapsiblexblock', 'usage', 'collapsiblexblock.collapsibleblock.d0.u0', 'collapsibleblock')
"GET /scenario/collapsibleblock.0/ HTTP/1.1" 200 3560
"GET /static/workbench/js/runtime/logger.js HTTP/1.1" 200 4432
"GET /static/workbench/js/vendor/jquery.cookie.js HTTP/1.1" 200 1941
"GET /static/workbench/js/runtime/1.js HTTP/1.1" 200 4540
"GET /static/workbench/js/vendor/jquery-migrate.min.js HTTP/1.1" 200 9459
"GET /static/workbench/js/vendor/jquery.min.js HTTP/1.1" 200 85659
"GET / HTTP/1.1" 200 820
"GET /static/workbench/css/workbench.css HTTP/1.1" 304 0
"GET /static/workbench/images/header-logo.png HTTP/1.1" 304 0
(0.001) SELECT "workbench_xblockstate"."id", "workbench_xblockstate"."scope", "workbench_xblockstate"."scope_id", "workbench_xblockstate"."user_id", "workbench_xblockstate"."scenario", "workbench_xblockstate"."tag", "workbench_xblockstate"."created", "workbench_xblockstate"."state" FROM "workbench_xblockstate" WHERE ("workbench_xblockstate"."scenario" = 'collapsiblexblock' AND "workbench_xblockstate"."scope" = 'usage' AND "workbench_xblockstate"."scope_id" = 'collapsiblexblock.collapsibleblock.d0.u0' AND "workbench_xblockstate"."tag" = 'collapsibleblock' AND "workbench_xblockstate"."user_id" = 'student_1') LIMIT 21; args=('collapsiblexblock', 'usage', 'collapsiblexblock.collapsibleblock.d0.u0', 'collapsibleblock', 'student_1')
(0.000) SELECT "workbench_xblockstate"."id", "workbench_xblockstate"."scope", "workbench_xblockstate"."scope_id", "workbench_xblockstate"."user_id", "workbench_xblockstate"."scenario", "workbench_xblockstate"."tag", "workbench_xblockstate"."created", "workbench_xblockstate"."state" FROM "workbench_xblockstate" WHERE ("workbench_xblockstate"."scenario" = 'collapsiblexblock' AND "workbench_xblockstate"."scope" = 'usage' AND "workbench_xblockstate"."scope_id" = 'collapsiblexblock.collapsibleblock.d0.u0' AND "workbench_xblockstate"."tag" = 'collapsibleblock' AND "workbench_xblockstate"."user_id" IS NULL) LIMIT 21; args=('collapsiblexblock', 'usage', 'collapsiblexblock.collapsibleblock.d0.u0', 'collapsibleblock')
(0.000) SELECT "workbench_xblockstate"."id", "workbench_xblockstate"."scope", "workbench_xblockstate"."scope_id", "workbench_xblockstate"."user_id", "workbench_xblockstate"."scenario", "workbench_xblockstate"."tag", "workbench_xblockstate"."created", "workbench_xblockstate"."state" FROM "workbench_xblockstate" WHERE ("workbench_xblockstate"."scenario" = 'collapsiblexblock' AND "workbench_xblockstate"."scope" = 'parent' AND "workbench_xblockstate"."scope_id" = 'collapsiblexblock.collapsibleblock.d0.u0' AND "workbench_xblockstate"."tag" = 'collapsibleblock' AND "workbench_xblockstate"."user_id" IS NULL) LIMIT 21; args=('collapsiblexblock', 'parent', 'collapsiblexblock.collapsibleblock.d0.u0', 'collapsibleblock')
(0.000) SELECT "workbench_xblockstate"."id", "workbench_xblockstate"."scope", "workbench_xblockstate"."scope_id", "workbench_xblockstate"."user_id", "workbench_xblockstate"."scenario", "workbench_xblockstate"."tag", "workbench_xblockstate"."created", "workbench_xblockstate"."state" FROM "workbench_xblockstate" WHERE ("workbench_xblockstate"."scenario" = 'collapsiblexblock' AND "workbench_xblockstate"."scope" = 'parent' AND "workbench_xblockstate"."scope_id" = 'collapsiblexblock.collapsibleblock.d0.u0' AND "workbench_xblockstate"."tag" = 'collapsibleblock' AND "workbench_xblockstate"."user_id" IS NULL) LIMIT 21; args=('collapsiblexblock', 'parent', 'collapsiblexblock.collapsibleblock.d0.u0', 'collapsibleblock')
(0.000) SELECT "workbench_xblockstate"."id", "workbench_xblockstate"."scope", "workbench_xblockstate"."scope_id", "workbench_xblockstate"."user_id", "workbench_xblockstate"."scenario", "workbench_xblockstate"."tag", "workbench_xblockstate"."created", "workbench_xblockstate"."state" FROM "workbench_xblockstate" WHERE ("workbench_xblockstate"."scenario" = 'collapsiblexblock' AND "workbench_xblockstate"."scope" = 'usage' AND "workbench_xblockstate"."scope_id" = 'collapsiblexblock.collapsibleblock.d0.u0' AND "workbench_xblockstate"."tag" = 'collapsibleblock' AND "workbench_xblockstate"."user_id" IS NULL) LIMIT 21; args=('collapsiblexblock', 'usage', 'collapsiblexblock.collapsibleblock.d0.u0', 'collapsibleblock')
"GET /scenario/collapsibleblock.0/ HTTP/1.1" 200 3560
"GET /static/workbench/js/runtime/logger.js HTTP/1.1" 304 0
"GET /static/workbench/js/runtime/1.js HTTP/1.1" 304 0
"GET /static/workbench/js/vendor/jquery-migrate.min.js HTTP/1.1" 304 0
"GET /static/workbench/js/vendor/jquery.cookie.js HTTP/1.1" 304 0
"GET /static/workbench/js/vendor/jquery.min.js HTTP/1.1" 200 85659
"GET / HTTP/1.1" 200 820
